{"level":"info","message":"Loading Mongoose functionality","timestamp":"2017-12-11T02:11:19.229Z"}
{"level":"info","message":"Starting application","timestamp":"2017-12-11T02:11:20.274Z"}
{"level":"info","message":"Mongoose connected to the database","timestamp":"2017-12-11T02:11:20.443Z"}
{"level":"info","message":"Request from ::1","timestamp":"2017-12-11T02:21:06.593Z"}
{"level":"info","message":"Request from ::1","timestamp":"2017-12-11T02:21:09.141Z"}
{"level":"info","message":"Request from ::1","timestamp":"2017-12-11T02:21:13.710Z"}
{"level":"info","message":"Request from ::1","timestamp":"2017-12-11T02:21:35.170Z"}
{"level":"info","message":"Request from ::1","timestamp":"2017-12-11T02:21:35.355Z"}
{"level":"verbose","message":"Get Gallery5a1b28798033f03054f04545","timestamp":"2017-12-11T02:21:35.357Z"}
{"level":"info","message":"Request from ::1","timestamp":"2017-12-11T02:21:57.208Z"}
{"level":"verbose","message":"Get Gallery5a1b28798033f03054f04545","timestamp":"2017-12-11T02:21:57.209Z"}
{"level":"info","message":"Request from ::1","timestamp":"2017-12-11T02:22:11.268Z"}
{"level":"verbose","message":"Create a Gallery","timestamp":"2017-12-11T02:22:11.269Z"}
{"level":"info","message":"Request from ::1","timestamp":"2017-12-11T02:22:57.533Z"}
{"level":"info","message":"Request from ::1","timestamp":"2017-12-11T02:22:57.545Z"}
{"level":"info","message":"Request from ::1","timestamp":"2017-12-11T02:22:59.567Z"}
{"level":"info","message":"Request from ::1","timestamp":"2017-12-11T02:22:59.971Z"}
{"level":"info","message":"Request from ::1","timestamp":"2017-12-11T02:24:56.939Z"}
{"level":"verbose","message":"Get Gallery5a1b28798033f03054f04545","timestamp":"2017-12-11T02:24:56.940Z"}
{"level":"info","message":"Request from ::1","timestamp":"2017-12-11T02:25:09.298Z"}
{"level":"verbose","message":"Create a Gallery","timestamp":"2017-12-11T02:25:09.299Z"}
{"level":"info","message":"Request from ::1","timestamp":"2017-12-11T02:25:36.244Z"}
{"level":"verbose","message":"Get Gallery5a1b28798033f03054f04545","timestamp":"2017-12-11T02:25:36.245Z"}
{"level":"info","message":"Request from ::1","timestamp":"2017-12-11T02:25:57.323Z"}
{"level":"verbose","message":"Get Gallery5a1b28798033f03054f04545","timestamp":"2017-12-11T02:25:57.324Z"}
{"level":"info","message":"Request from ::1","timestamp":"2017-12-11T02:26:02.825Z"}
{"level":"verbose","message":"Get Gallery5a1b28798033f03054f04545","timestamp":"2017-12-11T02:26:02.826Z"}
{"level":"info","message":"Request from ::1","timestamp":"2017-12-11T02:31:02.236Z"}
{"level":"verbose","message":"Get Gallery5a1b28798033f03054f04545","timestamp":"2017-12-11T02:31:02.237Z"}
{"level":"info","message":"Request from ::1","timestamp":"2017-12-11T02:31:14.781Z"}
{"level":"verbose","message":"Create a Gallery","timestamp":"2017-12-11T02:31:14.784Z"}
{"level":"info","message":"Request from ::1","timestamp":"2017-12-11T02:31:33.241Z"}
{"level":"info","message":"Request from ::1","timestamp":"2017-12-11T02:31:33.294Z"}
{"level":"info","message":"Request from ::1","timestamp":"2017-12-11T02:31:33.306Z"}
{"level":"info","message":"Request from ::1","timestamp":"2017-12-11T02:32:13.620Z"}
{"level":"verbose","message":"Get Gallery5a1b28798033f03054f04545","timestamp":"2017-12-11T02:32:13.621Z"}
{"level":"info","message":"Request from ::1","timestamp":"2017-12-11T02:32:21.003Z"}
{"level":"verbose","message":"Create a Gallery","timestamp":"2017-12-11T02:32:21.004Z"}
{"level":"info","message":"Request from ::1","timestamp":"2017-12-11T02:32:34.872Z"}
{"level":"info","message":"Request from ::1","timestamp":"2017-12-11T02:32:34.884Z"}
{"level":"info","message":"Request from ::1","timestamp":"2017-12-11T02:32:34.889Z"}
{"level":"info","message":"Request from ::1","timestamp":"2017-12-11T02:33:09.595Z"}
{"level":"verbose","message":"Get Gallery5a1b28798033f03054f04545","timestamp":"2017-12-11T02:33:09.596Z"}
{"level":"info","message":"Request from ::1","timestamp":"2017-12-11T02:33:15.737Z"}
{"level":"verbose","message":"Create a Gallery","timestamp":"2017-12-11T02:33:15.738Z"}
{"level":"info","message":"Request from ::1","timestamp":"2017-12-11T02:33:30.557Z"}
{"level":"info","message":"Request from ::1","timestamp":"2017-12-11T02:33:30.568Z"}
{"level":"info","message":"Request from ::1","timestamp":"2017-12-11T02:33:30.573Z"}
{"level":"info","message":"Request from ::1","timestamp":"2017-12-11T02:34:31.978Z"}
{"level":"verbose","message":"Get Gallery5a1b28798033f03054f04545","timestamp":"2017-12-11T02:34:31.979Z"}
{"level":"info","message":"Request from ::1","timestamp":"2017-12-11T02:34:40.161Z"}
{"level":"verbose","message":"Create a Gallery","timestamp":"2017-12-11T02:34:40.162Z"}
{"level":"info","message":"Request from ::1","timestamp":"2017-12-11T02:34:48.533Z"}
{"level":"info","message":"Request from ::1","timestamp":"2017-12-11T02:34:48.541Z"}
{"level":"info","message":"Request from ::1","timestamp":"2017-12-11T02:34:48.547Z"}
{"level":"info","message":"Request from ::1","timestamp":"2017-12-11T02:34:58.614Z"}
{"level":"info","message":"Request from ::1","timestamp":"2017-12-11T02:35:44.408Z"}
{"level":"verbose","message":"Get Gallery5a1b28798033f03054f04545","timestamp":"2017-12-11T02:35:44.408Z"}
{"level":"info","message":"Request from ::1","timestamp":"2017-12-11T02:36:11.071Z"}
{"level":"verbose","message":"Get Gallery5a1b28798033f03054f04545","timestamp":"2017-12-11T02:36:11.071Z"}
{"level":"info","message":"Request from ::1","timestamp":"2017-12-11T02:36:38.077Z"}
{"level":"verbose","message":"Get Gallery5a1b28798033f03054f04545","timestamp":"2017-12-11T02:36:38.077Z"}
{"level":"info","message":"Request from ::1","timestamp":"2017-12-11T02:36:53.184Z"}
{"level":"verbose","message":"Create a Gallery","timestamp":"2017-12-11T02:36:53.185Z"}
{"level":"info","message":"Request from ::1","timestamp":"2017-12-11T02:37:41.538Z"}
{"level":"verbose","message":"Get Gallery5a1b28798033f03054f04545","timestamp":"2017-12-11T02:37:41.539Z"}
{"level":"info","message":"Request from ::1","timestamp":"2017-12-11T02:37:51.972Z"}
{"level":"verbose","message":"Get Gallery5a1b28798033f03054f04545","timestamp":"2017-12-11T02:37:51.972Z"}
{"level":"info","message":"Request from ::1","timestamp":"2017-12-11T02:38:08.411Z"}
{"level":"verbose","message":"Get Gallery5a1b28798033f03054f04545","timestamp":"2017-12-11T02:38:08.411Z"}
{"level":"info","message":"Request from ::1","timestamp":"2017-12-11T02:40:50.590Z"}
{"level":"verbose","message":"Get Gallery5a1b28798033f03054f04545","timestamp":"2017-12-11T02:40:50.590Z"}
{"level":"info","message":"Request from ::1","timestamp":"2017-12-11T02:43:08.578Z"}
{"level":"verbose","message":"Create a Gallery","timestamp":"2017-12-11T02:43:08.579Z"}
{"level":"info","message":"Request from ::1","timestamp":"2017-12-11T02:43:38.755Z"}
{"level":"info","message":"Request from ::1","timestamp":"2017-12-11T02:43:38.769Z"}
{"level":"info","message":"Request from ::1","timestamp":"2017-12-11T02:43:38.773Z"}
{"level":"info","message":"Request from ::1","timestamp":"2017-12-11T02:45:11.909Z"}
{"level":"verbose","message":"Get Gallery5a1b28798033f03054f04545","timestamp":"2017-12-11T02:45:11.910Z"}
{"level":"info","message":"Request from ::1","timestamp":"2017-12-11T02:45:19.861Z"}
{"level":"verbose","message":"Create a Gallery","timestamp":"2017-12-11T02:45:19.862Z"}
{"level":"info","message":"Request from ::1","timestamp":"2017-12-11T02:45:34.914Z"}
{"level":"info","message":"Request from ::1","timestamp":"2017-12-11T02:45:34.923Z"}
{"level":"info","message":"Request from ::1","timestamp":"2017-12-11T02:45:34.929Z"}
{"level":"info","message":"Request from ::1","timestamp":"2017-12-11T02:48:15.575Z"}
{"level":"verbose","message":"Get Gallery5a1b28798033f03054f04545","timestamp":"2017-12-11T02:48:15.576Z"}
{"level":"info","message":"Request from ::1","timestamp":"2017-12-11T02:48:24.515Z"}
{"level":"verbose","message":"Create a Gallery","timestamp":"2017-12-11T02:48:24.516Z"}
{"level":"info","message":"Request from ::1","timestamp":"2017-12-11T02:48:29.170Z"}
{"level":"info","message":"Request from ::1","timestamp":"2017-12-11T02:48:42.310Z"}
{"level":"info","message":"Request from ::1","timestamp":"2017-12-11T02:48:42.449Z"}
{"level":"verbose","message":"Get Gallery5a1b28798033f03054f04545","timestamp":"2017-12-11T02:48:42.449Z"}
{"level":"info","message":"Request from ::1","timestamp":"2017-12-11T02:50:27.792Z"}
{"level":"verbose","message":"Get Gallery5a1b28798033f03054f04545","timestamp":"2017-12-11T02:50:27.793Z"}
{"level":"info","message":"Request from ::1","timestamp":"2017-12-11T02:50:41.799Z"}
{"level":"verbose","message":"Create a Gallery","timestamp":"2017-12-11T02:50:41.800Z"}
{"level":"info","message":"Request from ::1","timestamp":"2017-12-11T02:50:59.333Z"}
{"level":"verbose","message":"Get Gallery5a1b28798033f03054f04545","timestamp":"2017-12-11T02:50:59.334Z"}
{"level":"info","message":"Request from ::1","timestamp":"2017-12-11T02:51:03.466Z"}
{"level":"verbose","message":"Get Gallery5a1b28798033f03054f04545","timestamp":"2017-12-11T02:51:03.467Z"}
{"level":"info","message":"Request from ::1","timestamp":"2017-12-11T02:51:15.678Z"}
{"level":"verbose","message":"Create a Gallery","timestamp":"2017-12-11T02:51:15.678Z"}
{"level":"info","message":"Request from ::1","timestamp":"2017-12-11T02:57:05.900Z"}
{"level":"verbose","message":"Get Gallery5a1b28798033f03054f04545","timestamp":"2017-12-11T02:57:05.900Z"}
{"level":"info","message":"Request from ::1","timestamp":"2017-12-11T03:07:24.110Z"}
{"level":"verbose","message":"Get Gallery5a1b28798033f03054f04545","timestamp":"2017-12-11T03:07:24.111Z"}
{"level":"info","message":"Request from ::1","timestamp":"2017-12-11T03:07:49.080Z"}
{"level":"verbose","message":"Get Gallery5a1b28798033f03054f04545","timestamp":"2017-12-11T03:07:49.080Z"}
{"level":"info","message":"Request from ::1","timestamp":"2017-12-11T03:35:51.740Z"}
{"level":"verbose","message":"Get Gallery5a1b28798033f03054f04545","timestamp":"2017-12-11T03:35:51.740Z"}
{"level":"info","message":"Request from ::1","timestamp":"2017-12-11T03:36:08.607Z"}
{"level":"verbose","message":"Get Gallery5a1b28798033f03054f04545","timestamp":"2017-12-11T03:36:08.608Z"}
{"level":"info","message":"Request from ::1","timestamp":"2017-12-11T03:36:35.102Z"}
{"level":"verbose","message":"Create a Gallery","timestamp":"2017-12-11T03:36:35.104Z"}
{"level":"info","message":"Request from ::1","timestamp":"2017-12-11T03:36:50.143Z"}
{"level":"info","message":"Request from ::1","timestamp":"2017-12-11T03:36:50.152Z"}
{"level":"info","message":"Request from ::1","timestamp":"2017-12-11T03:36:50.163Z"}
{"level":"info","message":"Request from ::1","timestamp":"2017-12-11T03:37:11.597Z"}
{"level":"verbose","message":"Get Gallery5a1b28798033f03054f04545","timestamp":"2017-12-11T03:37:11.598Z"}
{"level":"info","message":"Request from ::1","timestamp":"2017-12-11T03:37:48.133Z"}
{"level":"verbose","message":"Create a Gallery","timestamp":"2017-12-11T03:37:48.133Z"}
{"level":"info","message":"Request from ::1","timestamp":"2017-12-11T03:38:01.721Z"}
{"level":"info","message":"Request from ::1","timestamp":"2017-12-11T03:38:01.740Z"}
{"level":"info","message":"Request from ::1","timestamp":"2017-12-11T03:38:01.755Z"}
{"level":"info","message":"Loading Mongoose functionality","timestamp":"2017-12-11T03:43:17.219Z"}
{"level":"info","message":"Starting application","timestamp":"2017-12-11T03:43:18.688Z"}
{"level":"info","message":"Mongoose connected to the database","timestamp":"2017-12-11T03:43:18.819Z"}
{"level":"info","message":"Loading Mongoose functionality","timestamp":"2017-12-11T03:44:27.680Z"}
{"level":"info","message":"Starting application","timestamp":"2017-12-11T03:44:30.097Z"}
{"level":"info","message":"Mongoose connected to the database","timestamp":"2017-12-11T03:44:30.132Z"}
{"level":"info","message":"Request from ::1","timestamp":"2017-12-11T03:44:32.238Z"}
{"level":"info","message":"Request from ::1","timestamp":"2017-12-11T03:44:32.530Z"}
{"level":"verbose","message":"Get Gallery5a1b28798033f03054f04545","timestamp":"2017-12-11T03:44:32.533Z"}
{"level":"info","message":"Request from ::1","timestamp":"2017-12-11T03:44:32.596Z"}
{"level":"info","message":"Request from ::1","timestamp":"2017-12-11T03:44:43.593Z"}
{"level":"info","message":"Request from ::1","timestamp":"2017-12-11T03:44:43.601Z"}
{"level":"info","message":"Request from ::1","timestamp":"2017-12-11T03:44:51.897Z"}
{"level":"info","message":"Request from ::1","timestamp":"2017-12-11T03:44:51.907Z"}
{"level":"info","message":"Request from ::1","timestamp":"2017-12-11T03:45:07.113Z"}
{"level":"info","message":"Request from ::1","timestamp":"2017-12-11T03:45:07.127Z"}
{"level":"info","message":"Request from ::1","timestamp":"2017-12-11T03:45:07.136Z"}
{"level":"info","message":"Loading Mongoose functionality","timestamp":"2017-12-11T03:48:32.204Z"}
{"level":"info","message":"Starting application","timestamp":"2017-12-11T03:48:33.723Z"}
{"level":"info","message":"Mongoose connected to the database","timestamp":"2017-12-11T03:48:33.760Z"}
{"level":"info","message":"Request from ::1","timestamp":"2017-12-11T03:49:19.546Z"}
{"level":"info","message":"Request from ::1","timestamp":"2017-12-11T03:49:20.082Z"}
{"level":"verbose","message":"Get Gallery5a1b28798033f03054f04545","timestamp":"2017-12-11T03:49:20.088Z"}
{"level":"info","message":"Request from ::1","timestamp":"2017-12-11T03:49:26.024Z"}
{"level":"verbose","message":"Create a Gallery","timestamp":"2017-12-11T03:49:26.026Z"}
{"level":"info","message":"Request from ::1","timestamp":"2017-12-11T03:49:55.097Z"}
{"level":"info","message":"Request from ::1","timestamp":"2017-12-11T03:49:55.120Z"}
{"level":"info","message":"Request from ::1","timestamp":"2017-12-11T03:49:55.133Z"}
{"level":"info","message":"Request from ::1","timestamp":"2017-12-11T03:51:35.685Z"}
{"level":"info","message":"Request from ::1","timestamp":"2017-12-11T03:51:39.439Z"}
{"level":"info","message":"Request from ::1","timestamp":"2017-12-11T03:51:43.957Z"}
{"level":"info","message":"Request from ::1","timestamp":"2017-12-11T03:51:44.677Z"}
{"level":"info","message":"Request from ::1","timestamp":"2017-12-11T03:51:53.152Z"}
{"level":"info","message":"Request from ::1","timestamp":"2017-12-11T03:52:11.028Z"}
{"level":"info","message":"Request from ::1","timestamp":"2017-12-11T03:52:11.485Z"}
{"level":"info","message":"Request from ::1","timestamp":"2017-12-11T03:52:26.835Z"}
{"level":"info","message":"Request from ::1","timestamp":"2017-12-11T03:52:27.003Z"}
{"level":"verbose","message":"Get Gallery5a1b28798033f03054f04545","timestamp":"2017-12-11T03:52:27.004Z"}
{"level":"info","message":"Request from ::1","timestamp":"2017-12-11T03:53:13.771Z"}
{"level":"verbose","message":"Get Gallery5a1b28798033f03054f04545","timestamp":"2017-12-11T03:53:13.771Z"}
{"level":"info","message":"Request from ::1","timestamp":"2017-12-11T03:53:20.457Z"}
{"level":"verbose","message":"Create a Gallery","timestamp":"2017-12-11T03:53:20.460Z"}
{"level":"info","message":"Request from ::1","timestamp":"2017-12-11T03:53:35.346Z"}
{"level":"info","message":"Request from ::1","timestamp":"2017-12-11T03:53:35.355Z"}
{"level":"info","message":"Request from ::1","timestamp":"2017-12-11T03:53:35.362Z"}
{"level":"info","message":"Request from ::1","timestamp":"2017-12-11T03:53:38.428Z"}
{"level":"info","message":"Request from ::1","timestamp":"2017-12-11T03:54:07.881Z"}
{"level":"verbose","message":"Get Gallery5a1b28798033f03054f04545","timestamp":"2017-12-11T03:54:07.883Z"}
{"level":"info","message":"Request from ::1","timestamp":"2017-12-11T03:54:13.367Z"}
{"level":"verbose","message":"Create a Gallery","timestamp":"2017-12-11T03:54:13.368Z"}
{"level":"info","message":"Request from ::1","timestamp":"2017-12-11T03:54:25.255Z"}
{"level":"info","message":"Request from ::1","timestamp":"2017-12-11T03:54:25.266Z"}
{"level":"info","message":"Request from ::1","timestamp":"2017-12-11T03:54:25.288Z"}
{"level":"info","message":"Request from ::1","timestamp":"2017-12-11T03:54:56.593Z"}
{"level":"verbose","message":"Get Gallery5a1b28798033f03054f04545","timestamp":"2017-12-11T03:54:56.593Z"}
{"level":"info","message":"Request from ::1","timestamp":"2017-12-11T04:02:50.561Z"}
{"level":"verbose","message":"Get Gallery5a1b28798033f03054f04545","timestamp":"2017-12-11T04:02:50.563Z"}
{"level":"info","message":"Request from ::1","timestamp":"2017-12-11T04:03:09.957Z"}
{"level":"verbose","message":"Get Gallery5a1b28798033f03054f04545","timestamp":"2017-12-11T04:03:09.958Z"}
{"level":"info","message":"Request from ::1","timestamp":"2017-12-11T04:03:26.234Z"}
{"level":"verbose","message":"Get Gallery5a1b28798033f03054f04545","timestamp":"2017-12-11T04:03:26.234Z"}
{"level":"info","message":"Request from ::1","timestamp":"2017-12-11T04:04:44.920Z"}
{"level":"verbose","message":"Create a Gallery","timestamp":"2017-12-11T04:04:44.924Z"}
{"level":"info","message":"Request from ::1","timestamp":"2017-12-11T04:05:02.854Z"}
{"level":"info","message":"Request from ::1","timestamp":"2017-12-11T04:05:02.868Z"}
{"level":"info","message":"Request from ::1","timestamp":"2017-12-11T04:05:02.875Z"}
{"level":"info","message":"Loading Mongoose functionality","timestamp":"2017-12-11T14:45:54.709Z"}
{"level":"info","message":"Starting application","timestamp":"2017-12-11T14:45:56.748Z"}
{"level":"info","message":"Mongoose connected to the database","timestamp":"2017-12-11T14:45:56.783Z"}
{"level":"info","message":"Request from ::1","timestamp":"2017-12-11T14:47:28.162Z"}
{"level":"info","message":"Request from ::1","timestamp":"2017-12-11T14:47:28.647Z"}
{"level":"verbose","message":"Get Gallery5a1b28798033f03054f04545","timestamp":"2017-12-11T14:47:28.650Z"}
{"level":"info","message":"Request from ::1","timestamp":"2017-12-11T14:47:31.965Z"}
{"level":"info","message":"Delete this Gallery","timestamp":"2017-12-11T14:47:31.966Z"}
{"level":"info","message":"Request from ::1","timestamp":"2017-12-11T14:47:32.585Z"}
{"level":"info","message":"Delete this Gallery","timestamp":"2017-12-11T14:47:32.586Z"}
{"level":"info","message":"Request from ::1","timestamp":"2017-12-11T14:47:32.846Z"}
{"level":"info","message":"Delete this Gallery","timestamp":"2017-12-11T14:47:32.846Z"}
{"level":"info","message":"Request from ::1","timestamp":"2017-12-11T14:47:33.008Z"}
{"level":"info","message":"Delete this Gallery","timestamp":"2017-12-11T14:47:33.009Z"}
{"level":"info","message":"Request from ::1","timestamp":"2017-12-11T14:47:33.166Z"}
{"level":"info","message":"Delete this Gallery","timestamp":"2017-12-11T14:47:33.167Z"}
{"level":"info","message":"Request from ::1","timestamp":"2017-12-11T14:47:33.334Z"}
{"level":"info","message":"Delete this Gallery","timestamp":"2017-12-11T14:47:33.335Z"}
{"level":"info","message":"Request from ::1","timestamp":"2017-12-11T14:47:34.540Z"}
{"level":"info","message":"Delete this Gallery","timestamp":"2017-12-11T14:47:34.540Z"}
{"level":"info","message":"Request from ::1","timestamp":"2017-12-11T14:47:34.667Z"}
{"level":"info","message":"Delete this Gallery","timestamp":"2017-12-11T14:47:34.667Z"}
{"level":"info","message":"Request from ::1","timestamp":"2017-12-11T14:47:34.827Z"}
{"level":"info","message":"Delete this Gallery","timestamp":"2017-12-11T14:47:34.829Z"}
{"level":"info","message":"Request from ::1","timestamp":"2017-12-11T14:47:34.994Z"}
{"level":"info","message":"Delete this Gallery","timestamp":"2017-12-11T14:47:34.995Z"}
{"level":"info","message":"Request from ::1","timestamp":"2017-12-11T14:47:35.107Z"}
{"level":"info","message":"Delete this Gallery","timestamp":"2017-12-11T14:47:35.108Z"}
{"level":"info","message":"Request from ::1","timestamp":"2017-12-11T14:47:35.264Z"}
{"level":"info","message":"Delete this Gallery","timestamp":"2017-12-11T14:47:35.265Z"}
{"level":"info","message":"Request from ::1","timestamp":"2017-12-11T14:47:35.404Z"}
{"level":"info","message":"Delete this Gallery","timestamp":"2017-12-11T14:47:35.405Z"}
{"level":"info","message":"Request from ::1","timestamp":"2017-12-11T14:47:35.555Z"}
{"level":"info","message":"Delete this Gallery","timestamp":"2017-12-11T14:47:35.556Z"}
{"level":"info","message":"Request from ::1","timestamp":"2017-12-11T14:47:35.697Z"}
{"level":"info","message":"Delete this Gallery","timestamp":"2017-12-11T14:47:35.698Z"}
{"level":"info","message":"Request from ::1","timestamp":"2017-12-11T14:47:35.841Z"}
{"level":"info","message":"Delete this Gallery","timestamp":"2017-12-11T14:47:35.841Z"}
{"level":"info","message":"Request from ::1","timestamp":"2017-12-11T14:47:36.002Z"}
{"level":"info","message":"Delete this Gallery","timestamp":"2017-12-11T14:47:36.002Z"}
{"level":"info","message":"Request from ::1","timestamp":"2017-12-11T14:47:36.143Z"}
{"level":"info","message":"Delete this Gallery","timestamp":"2017-12-11T14:47:36.144Z"}
{"level":"info","message":"Request from ::1","timestamp":"2017-12-11T14:47:36.310Z"}
{"level":"info","message":"Delete this Gallery","timestamp":"2017-12-11T14:47:36.310Z"}
{"level":"info","message":"Request from ::1","timestamp":"2017-12-11T14:47:36.463Z"}
{"level":"info","message":"Delete this Gallery","timestamp":"2017-12-11T14:47:36.463Z"}
{"level":"info","message":"Request from ::1","timestamp":"2017-12-11T14:47:36.599Z"}
{"level":"info","message":"Delete this Gallery","timestamp":"2017-12-11T14:47:36.599Z"}
{"level":"info","message":"Request from ::1","timestamp":"2017-12-11T14:47:36.758Z"}
{"level":"info","message":"Delete this Gallery","timestamp":"2017-12-11T14:47:36.758Z"}
{"level":"info","message":"Request from ::1","timestamp":"2017-12-11T14:47:36.921Z"}
{"level":"info","message":"Delete this Gallery","timestamp":"2017-12-11T14:47:36.921Z"}
{"level":"info","message":"Request from ::1","timestamp":"2017-12-11T14:47:37.115Z"}
{"level":"info","message":"Delete this Gallery","timestamp":"2017-12-11T14:47:37.115Z"}
{"level":"info","message":"Request from ::1","timestamp":"2017-12-11T14:47:37.290Z"}
{"level":"info","message":"Delete this Gallery","timestamp":"2017-12-11T14:47:37.290Z"}
{"level":"info","message":"Request from ::1","timestamp":"2017-12-11T14:47:37.437Z"}
{"level":"info","message":"Delete this Gallery","timestamp":"2017-12-11T14:47:37.437Z"}
{"level":"info","message":"Request from ::1","timestamp":"2017-12-11T14:47:37.588Z"}
{"level":"info","message":"Delete this Gallery","timestamp":"2017-12-11T14:47:37.588Z"}
{"level":"info","message":"Request from ::1","timestamp":"2017-12-11T14:47:38.354Z"}
{"level":"info","message":"Delete this Gallery","timestamp":"2017-12-11T14:47:38.355Z"}
{"level":"info","message":"Request from ::1","timestamp":"2017-12-11T14:47:53.376Z"}
{"level":"verbose","message":"Create a Gallery","timestamp":"2017-12-11T14:47:53.379Z"}
{"level":"info","message":"Request from ::1","timestamp":"2017-12-11T14:48:02.456Z"}
{"level":"verbose","message":"Get Pictures in a Gallery5a2e9a99a6d1e00a8ef82553","timestamp":"2017-12-11T14:48:02.457Z"}
{"level":"info","message":"Request from ::1","timestamp":"2017-12-11T14:48:55.344Z"}
{"level":"verbose","message":"Get Gallery5a1b28798033f03054f04545","timestamp":"2017-12-11T14:48:55.344Z"}
{"level":"info","message":"Request from ::1","timestamp":"2017-12-11T14:48:56.871Z"}
{"level":"verbose","message":"Get Pictures in a Gallery5a2e9a99a6d1e00a8ef82553","timestamp":"2017-12-11T14:48:56.872Z"}
{"level":"info","message":"Request from ::1","timestamp":"2017-12-11T14:51:57.484Z"}
{"level":"verbose","message":"Get Gallery5a1b28798033f03054f04545","timestamp":"2017-12-11T14:51:57.484Z"}
{"level":"info","message":"Request from ::1","timestamp":"2017-12-11T14:52:00.332Z"}
{"level":"verbose","message":"Get Pictures in a Gallery5a2e9a99a6d1e00a8ef82553","timestamp":"2017-12-11T14:52:00.333Z"}
{"level":"info","message":"Request from ::1","timestamp":"2017-12-11T14:52:26.975Z"}
{"level":"verbose","message":"Get Gallery5a1b28798033f03054f04545","timestamp":"2017-12-11T14:52:26.975Z"}
{"level":"info","message":"Request from ::1","timestamp":"2017-12-11T14:52:28.475Z"}
{"level":"verbose","message":"Get Pictures in a Gallery5a2e9a99a6d1e00a8ef82553","timestamp":"2017-12-11T14:52:28.476Z"}
{"level":"info","message":"Request from ::1","timestamp":"2017-12-11T14:53:53.833Z"}
{"level":"verbose","message":"Get Gallery5a1b28798033f03054f04545","timestamp":"2017-12-11T14:53:53.834Z"}
{"level":"info","message":"Request from ::1","timestamp":"2017-12-11T14:53:58.417Z"}
{"level":"verbose","message":"Get Pictures in a Gallery5a2e9a99a6d1e00a8ef82553","timestamp":"2017-12-11T14:53:58.419Z"}
{"level":"info","message":"Request from ::1","timestamp":"2017-12-11T14:55:09.801Z"}
{"level":"verbose","message":"Get Gallery5a1b28798033f03054f04545","timestamp":"2017-12-11T14:55:09.802Z"}
{"level":"info","message":"Request from ::1","timestamp":"2017-12-11T14:55:13.872Z"}
{"level":"verbose","message":"Get Pictures in a Gallery5a2e9a99a6d1e00a8ef82553","timestamp":"2017-12-11T14:55:13.873Z"}
{"level":"info","message":"Request from ::1","timestamp":"2017-12-11T14:55:27.528Z"}
{"level":"verbose","message":"Add Picture","timestamp":"2017-12-11T14:55:27.531Z"}
{"level":"info","message":"Request from ::1","timestamp":"2017-12-11T14:55:28.733Z"}
{"level":"info","message":"Request from ::1","timestamp":"2017-12-11T14:55:28.749Z"}
{"level":"verbose","message":"Upload Picture5a2e9c5fa6d1e00a8ef82554","timestamp":"2017-12-11T14:55:28.823Z"}
{"level":"info","message":"Request from ::1","timestamp":"2017-12-11T14:58:13.242Z"}
{"level":"verbose","message":"Get Gallery5a1b28798033f03054f04545","timestamp":"2017-12-11T14:58:13.243Z"}
{"level":"info","message":"Request from ::1","timestamp":"2017-12-11T14:58:21.590Z"}
{"level":"verbose","message":"Get Pictures in a Gallery5a2e9a99a6d1e00a8ef82553","timestamp":"2017-12-11T14:58:21.590Z"}
{"level":"info","message":"Request from ::1","timestamp":"2017-12-11T14:58:21.648Z"}
{"level":"info","message":"Request from ::1","timestamp":"2017-12-11T14:58:41.870Z"}
{"level":"info","message":"Request from ::1","timestamp":"2017-12-11T14:59:28.597Z"}
{"level":"verbose","message":"Get Pictures in a Gallery5a2e9a99a6d1e00a8ef82553","timestamp":"2017-12-11T14:59:28.597Z"}
{"level":"info","message":"Request from ::1","timestamp":"2017-12-11T14:59:45.715Z"}
{"level":"info","message":"Request from ::1","timestamp":"2017-12-11T14:59:45.858Z"}
{"level":"verbose","message":"Get Gallery5a1b28798033f03054f04545","timestamp":"2017-12-11T14:59:45.859Z"}
{"level":"info","message":"Request from ::1","timestamp":"2017-12-11T14:59:45.891Z"}
{"level":"info","message":"Request from ::1","timestamp":"2017-12-11T14:59:47.504Z"}
{"level":"verbose","message":"Get Pictures in a Gallery5a2e9a99a6d1e00a8ef82553","timestamp":"2017-12-11T14:59:47.505Z"}
{"level":"info","message":"Request from ::1","timestamp":"2017-12-11T15:01:01.045Z"}
{"level":"verbose","message":"Get Gallery5a1b28798033f03054f04545","timestamp":"2017-12-11T15:01:01.046Z"}
{"level":"info","message":"Request from ::1","timestamp":"2017-12-11T15:01:35.480Z"}
{"level":"verbose","message":"Get Gallery5a1b28798033f03054f04545","timestamp":"2017-12-11T15:01:35.481Z"}
{"level":"info","message":"Request from ::1","timestamp":"2017-12-11T15:01:36.224Z"}
{"level":"verbose","message":"Get Pictures in a Gallery5a2e9a99a6d1e00a8ef82553","timestamp":"2017-12-11T15:01:36.225Z"}
{"level":"info","message":"Request from ::1","timestamp":"2017-12-11T15:01:36.245Z"}
{"level":"info","message":"Request from ::1","timestamp":"2017-12-11T15:01:43.283Z"}
{"level":"verbose","message":"Get Pictures in a Gallery5a2e9a99a6d1e00a8ef82553","timestamp":"2017-12-11T15:01:43.283Z"}
{"level":"info","message":"Request from ::1","timestamp":"2017-12-11T15:02:16.352Z"}
{"level":"verbose","message":"Get Gallery5a1b28798033f03054f04545","timestamp":"2017-12-11T15:02:16.353Z"}
{"level":"info","message":"Request from ::1","timestamp":"2017-12-11T15:02:18.814Z"}
{"level":"verbose","message":"Get Pictures in a Gallery5a2e9a99a6d1e00a8ef82553","timestamp":"2017-12-11T15:02:18.814Z"}
{"level":"info","message":"Request from ::1","timestamp":"2017-12-11T15:02:18.828Z"}
{"level":"info","message":"Request from ::1","timestamp":"2017-12-11T15:04:27.500Z"}
{"level":"info","message":"Request from ::1","timestamp":"2017-12-11T15:04:27.644Z"}
{"level":"verbose","message":"Get Gallery5a1b28798033f03054f04545","timestamp":"2017-12-11T15:04:27.645Z"}
{"level":"info","message":"Request from ::1","timestamp":"2017-12-11T15:04:29.430Z"}
{"level":"info","message":"Delete this Gallery","timestamp":"2017-12-11T15:04:29.431Z"}
{"level":"info","message":"Request from ::1","timestamp":"2017-12-11T15:04:39.266Z"}
{"level":"verbose","message":"Create a Gallery","timestamp":"2017-12-11T15:04:39.268Z"}
{"level":"info","message":"Request from ::1","timestamp":"2017-12-11T15:04:47.608Z"}
{"level":"verbose","message":"Get Pictures in a Gallery5a2e9e87a6d1e00a8ef82555","timestamp":"2017-12-11T15:04:47.610Z"}
{"level":"info","message":"Request from ::1","timestamp":"2017-12-11T15:05:13.080Z"}
{"level":"verbose","message":"Get Gallery5a1b28798033f03054f04545","timestamp":"2017-12-11T15:05:13.081Z"}
{"level":"info","message":"Request from ::1","timestamp":"2017-12-11T15:05:14.848Z"}
{"level":"verbose","message":"Get Pictures in a Gallery5a2e9e87a6d1e00a8ef82555","timestamp":"2017-12-11T15:05:14.851Z"}
{"level":"info","message":"Request from ::1","timestamp":"2017-12-11T15:06:11.171Z"}
{"level":"verbose","message":"Get Gallery5a1b28798033f03054f04545","timestamp":"2017-12-11T15:06:11.171Z"}
{"level":"info","message":"Request from ::1","timestamp":"2017-12-11T15:06:12.335Z"}
{"level":"verbose","message":"Get Pictures in a Gallery5a2e9e87a6d1e00a8ef82555","timestamp":"2017-12-11T15:06:12.336Z"}
{"level":"info","message":"Request from ::1","timestamp":"2017-12-11T15:07:56.181Z"}
{"level":"verbose","message":"Get Gallery5a1b28798033f03054f04545","timestamp":"2017-12-11T15:07:56.181Z"}
{"level":"info","message":"Request from ::1","timestamp":"2017-12-11T15:08:00.496Z"}
{"level":"verbose","message":"Get Pictures in a Gallery5a2e9e87a6d1e00a8ef82555","timestamp":"2017-12-11T15:08:00.496Z"}
{"level":"info","message":"Loading Mongoose functionality","timestamp":"2017-12-11T15:13:30.436Z"}
{"level":"info","message":"Starting application","timestamp":"2017-12-11T15:13:31.907Z"}
{"level":"info","message":"Mongoose connected to the database","timestamp":"2017-12-11T15:13:31.945Z"}
{"level":"info","message":"Request from ::1","timestamp":"2017-12-11T15:13:53.790Z"}
{"level":"info","message":"Request from ::1","timestamp":"2017-12-11T15:13:54.065Z"}
{"level":"verbose","message":"Get Gallery5a1b28798033f03054f04545","timestamp":"2017-12-11T15:13:54.068Z"}
{"level":"info","message":"Request from ::1","timestamp":"2017-12-11T15:14:06.255Z"}
{"level":"verbose","message":"Get Pictures in a Gallery5a2e9e87a6d1e00a8ef82555","timestamp":"2017-12-11T15:14:06.256Z"}
{"level":"info","message":"Request from ::1","timestamp":"2017-12-11T15:17:59.010Z"}
{"level":"verbose","message":"Get Pictures in a Gallery5a2e9e87a6d1e00a8ef82555","timestamp":"2017-12-11T15:17:59.012Z"}
